<?xml version="1.0" encoding="UTF-8"?>
<testsuite xmlns:xsi="http://www.w3.org/2001/XMLSchema-instance" xsi:noNamespaceSchemaLocation="https://maven.apache.org/surefire/maven-surefire-plugin/xsd/surefire-test-report.xsd" version="3.0.2" name="uk.ac.ed.acp.cw2.HttpRequestTest" time="2.616" tests="13" errors="0" skipped="0" failures="0">
  <properties>
[...]
</properties>
  <testcase name="distanceToShouldReturn400ForInvalidJson" classname="uk.ac.ed.acp.cw2.HttpRequestTest" time="0.566">
    <system-out><![CDATA[2025-10-18T15:51:49.785+01:00  INFO 16508 --- [IlpTutorial_1] [           main] t.c.s.AnnotationConfigContextLoaderUtils : Could not detect default configuration classes for test class [uk.ac.ed.acp.cw2.HttpRequestTest]: HttpRequestTest does not declare any static, non-private, non-final, nested classes annotated with @Configuration.
2025-10-18T15:51:49.790+01:00  INFO 16508 --- [IlpTutorial_1] [           main] .b.t.c.SpringBootTestContextBootstrapper : Found @SpringBootConfiguration uk.ac.ed.acp.cw2.Application for test class uk.ac.ed.acp.cw2.HttpRequestTest

  .   ____          _            __ _ _
 /\\ / ___'_ __ _ _(_)_ __  __ _ \ \ \ \
( ( )\___ | '_ | '_| | '_ \/ _` | \ \ \ \
 \\/  ___)| |_)| | | | | || (_| |  ) ) ) )
  '  |____| .__|_| |_|_| |_\__, | / / / /
 =========|_|==============|___/=/_/_/_/

 :: Spring Boot ::                (v3.4.3)

2025-10-18T15:51:49.855+01:00  INFO 16508 --- [IlpTutorial_1] [           main] uk.ac.ed.acp.cw2.HttpRequestTest         : Starting HttpRequestTest using Java 21.0.8 with PID 16508 (started by charl in C:\Users\charl\OneDrive\Documents\GitHub\ILP\Cw1)
2025-10-18T15:51:49.855+01:00  INFO 16508 --- [IlpTutorial_1] [           main] uk.ac.ed.acp.cw2.HttpRequestTest         : No active profile set, falling back to 1 default profile: "default"
2025-10-18T15:51:50.452+01:00  INFO 16508 --- [IlpTutorial_1] [           main] o.s.b.w.embedded.tomcat.TomcatWebServer  : Tomcat initialized with port 0 (http)
2025-10-18T15:51:50.473+01:00  INFO 16508 --- [IlpTutorial_1] [           main] o.apache.catalina.core.StandardService   : Starting service [Tomcat]
2025-10-18T15:51:50.474+01:00  INFO 16508 --- [IlpTutorial_1] [           main] o.apache.catalina.core.StandardEngine    : Starting Servlet engine: [Apache Tomcat/10.1.36]
2025-10-18T15:51:50.545+01:00  INFO 16508 --- [IlpTutorial_1] [           main] o.a.c.c.C.[Tomcat].[localhost].[/]       : Initializing Spring embedded WebApplicationContext
2025-10-18T15:51:50.546+01:00  INFO 16508 --- [IlpTutorial_1] [           main] w.s.c.ServletWebServerApplicationContext : Root WebApplicationContext: initialization completed in 688 ms
2025-10-18T15:51:51.186+01:00  INFO 16508 --- [IlpTutorial_1] [           main] o.s.b.a.e.web.EndpointLinksResolver      : Exposing 3 endpoints beneath base path '/actuator'
2025-10-18T15:51:51.575+01:00  INFO 16508 --- [IlpTutorial_1] [           main] o.s.b.w.embedded.tomcat.TomcatWebServer  : Tomcat started on port 65317 (http) with context path '/'
2025-10-18T15:51:51.585+01:00  INFO 16508 --- [IlpTutorial_1] [           main] uk.ac.ed.acp.cw2.HttpRequestTest         : Started HttpRequestTest in 1.788 seconds (process running for 7.996)
2025-10-18T15:51:51.866+01:00  INFO 16508 --- [IlpTutorial_1] [o-auto-1-exec-1] o.a.c.c.C.[Tomcat].[localhost].[/]       : Initializing Spring DispatcherServlet 'dispatcherServlet'
2025-10-18T15:51:51.866+01:00  INFO 16508 --- [IlpTutorial_1] [o-auto-1-exec-1] o.s.web.servlet.DispatcherServlet        : Initializing Servlet 'dispatcherServlet'
2025-10-18T15:51:51.867+01:00  INFO 16508 --- [IlpTutorial_1] [o-auto-1-exec-1] o.s.web.servlet.DispatcherServlet        : Completed initialization in 1 ms
2025-10-18T15:51:52.048+01:00  WARN 16508 --- [IlpTutorial_1] [o-auto-1-exec-1] .w.s.m.s.DefaultHandlerExceptionResolver : Resolved [org.springframework.web.bind.MethodArgumentNotValidException: Validation failed for argument [0] in public double uk.ac.ed.acp.cw2.controller.ServiceController.distanceTo(uk.ac.ed.acp.cw2.data.DTO.DistanceRequest) with 2 errors: [Field error in object 'distanceRequest' on field 'position2': rejected value [null]; codes [NotNull.distanceRequest.position2,NotNull.position2,NotNull.uk.ac.ed.acp.cw2.data.DTO.Position,NotNull]; arguments [org.springframework.context.support.DefaultMessageSourceResolvable: codes [distanceRequest.position2,position2]; arguments []; default message [position2]]; default message [must not be null]] [Field error in object 'distanceRequest' on field 'position1.lng': rejected value [null]; codes [NotNull.distanceRequest.position1.lng,NotNull.position1.lng,NotNull.lng,NotNull.java.lang.Double,NotNull]; arguments [org.springframework.context.support.DefaultMessageSourceResolvable: codes [distanceRequest.position1.lng,position1.lng]; arguments []; default message [position1.lng]]; default message [Longitude cannot be null]] ]
]]></system-out>
  </testcase>
  <testcase name="isInRegionShouldReturnTrueForPointOnBorder" classname="uk.ac.ed.acp.cw2.HttpRequestTest" time="0.03"/>
  <testcase name="isCloseToShouldReturnFalseWhenPositionsAreFar" classname="uk.ac.ed.acp.cw2.HttpRequestTest" time="0.01"/>
  <testcase name="nextPositionShouldReturn400ForInvalidJson" classname="uk.ac.ed.acp.cw2.HttpRequestTest" time="0.016">
    <system-out><![CDATA[2025-10-18T15:51:52.219+01:00  WARN 16508 --- [IlpTutorial_1] [o-auto-1-exec-4] .w.s.m.s.DefaultHandlerExceptionResolver : Resolved [org.springframework.http.converter.HttpMessageNotReadableException: JSON parse error: Cannot deserialize value of type `java.lang.Double` from String "notANumber": not a valid `Double` value]
]]></system-out>
  </testcase>
  <testcase name="isInRegionShouldReturnFalseForPointOutsideRegion" classname="uk.ac.ed.acp.cw2.HttpRequestTest" time="0.014"/>
  <testcase name="isInRegionShouldReturnTrueForPointInsideRegion" classname="uk.ac.ed.acp.cw2.HttpRequestTest" time="0.012"/>
  <testcase name="isInRegionShouldReturn400ForUnclosedRegion" classname="uk.ac.ed.acp.cw2.HttpRequestTest" time="0.014">
    <system-out><![CDATA[2025-10-18T15:51:52.262+01:00  WARN 16508 --- [IlpTutorial_1] [o-auto-1-exec-7] .w.s.m.s.DefaultHandlerExceptionResolver : Resolved [org.springframework.web.bind.MethodArgumentNotValidException: Validation failed for argument [0] in public java.lang.Boolean uk.ac.ed.acp.cw2.controller.ServiceController.isInRegion(uk.ac.ed.acp.cw2.data.DTO.RegionRequest): [Field error in object 'regionRequest' on field 'region.verticesValid': rejected value [false]; codes [AssertTrue.regionRequest.region.verticesValid,AssertTrue.region.verticesValid,AssertTrue.verticesValid,AssertTrue.boolean,AssertTrue]; arguments [org.springframework.context.support.DefaultMessageSourceResolvable: codes [regionRequest.region.verticesValid,region.verticesValid]; arguments []; default message [region.verticesValid]]; default message [Region must have at least 4 vertices, and the first and last must match]] ]
]]></system-out>
  </testcase>
  <testcase name="isCloseToShouldReturnTrueWhenPositionsAreClose" classname="uk.ac.ed.acp.cw2.HttpRequestTest" time="0.012"/>
  <testcase name="actuatorHealthShouldReturn200" classname="uk.ac.ed.acp.cw2.HttpRequestTest" time="0.048"/>
  <testcase name="uidShouldReturnStudentId" classname="uk.ac.ed.acp.cw2.HttpRequestTest" time="0.018"/>
  <testcase name="distanceToShouldReturnCorrectDistance" classname="uk.ac.ed.acp.cw2.HttpRequestTest" time="0.021"/>
  <testcase name="nextPositionShouldReturnValidPosition" classname="uk.ac.ed.acp.cw2.HttpRequestTest" time="0.013"/>
  <testcase name="isCloseToShouldReturn400ForMalformedRequest" classname="uk.ac.ed.acp.cw2.HttpRequestTest" time="0.01">
    <system-out><![CDATA[2025-10-18T15:51:52.392+01:00  WARN 16508 --- [IlpTutorial_1] [o-auto-1-exec-3] .w.s.m.s.DefaultHandlerExceptionResolver : Resolved [org.springframework.web.bind.MethodArgumentNotValidException: Validation failed for argument [0] in public java.lang.Boolean uk.ac.ed.acp.cw2.controller.ServiceController.isCloseTo(uk.ac.ed.acp.cw2.data.DTO.DistanceRequest) with 2 errors: [Field error in object 'distanceRequest' on field 'position2': rejected value [null]; codes [NotNull.distanceRequest.position2,NotNull.position2,NotNull.uk.ac.ed.acp.cw2.data.DTO.Position,NotNull]; arguments [org.springframework.context.support.DefaultMessageSourceResolvable: codes [distanceRequest.position2,position2]; arguments []; default message [position2]]; default message [must not be null]] [Field error in object 'distanceRequest' on field 'position1.lng': rejected value [null]; codes [NotNull.distanceRequest.position1.lng,NotNull.position1.lng,NotNull.lng,NotNull.java.lang.Double,NotNull]; arguments [org.springframework.context.support.DefaultMessageSourceResolvable: codes [distanceRequest.position1.lng,position1.lng]; arguments []; default message [position1.lng]]; default message [Longitude cannot be null]] ]
]]></system-out>
  </testcase>
</testsuite>